\BOOKMARK [1][-]{section.1}{\376\377\000I\000n\000t\000r\000o\000d\000u\000c\000t\000i\000o\000n}{}% 1
\BOOKMARK [1][-]{section.2}{\376\377\000R\000e\000l\000a\000t\000e\000d\000\040\000W\000o\000r\000k}{}% 2
\BOOKMARK [2][-]{subsection.2.1}{\376\377\000B\000u\000s\000e\000s\000,\000\040\000b\000u\000n\000c\000h\000i\000n\000g\000,\000\040\000a\000n\000d\000\040\000r\000o\000a\000d\000\040\000t\000r\000a\000f\000f\000i\000c}{section.2}% 3
\BOOKMARK [2][-]{subsection.2.2}{\376\377\000P\000r\000e\000d\000i\000c\000t\000i\000n\000g\000\040\000a\000n\000d\000\040\000c\000o\000n\000t\000r\000o\000l\000l\000i\000n\000g\000\040\000b\000u\000s\000\040\000b\000u\000n\000c\000h\000i\000n\000g}{section.2}% 4
\BOOKMARK [2][-]{subsection.2.3}{\376\377\000A\000d\000a\000p\000t\000i\000n\000g\000\040\000m\000a\000c\000h\000i\000n\000e\000\040\000l\000e\000a\000r\000n\000i\000n\000g\000\040\000f\000o\000r\000\040\000d\000a\000t\000a\000\040\000s\000t\000r\000e\000a\000m\000s\000\040\000t\000o\000\040\000b\000u\000s\000\040\000b\000u\000n\000c\000h\000i\000n\000g}{section.2}% 5
\BOOKMARK [1][-]{section.3}{\376\377\000M\000e\000t\000h\000o\000d\000o\000l\000o\000g\000y}{}% 6
\BOOKMARK [2][-]{subsection.3.1}{\376\377\000D\000a\000t\000a\000\040\000r\000e\000q\000u\000i\000r\000e\000m\000e\000n\000t\000s\000\040\000a\000n\000d\000\040\000s\000o\000u\000r\000c\000e}{section.3}% 7
\BOOKMARK [2][-]{subsection.3.2}{\376\377\000A\000\040\000s\000t\000r\000e\000a\000m\000i\000n\000g\000\040\000d\000r\000i\000v\000e\000r\000-\000n\000u\000d\000g\000e\000\040\000s\000y\000s\000t\000e\000m}{section.3}% 8
\BOOKMARK [2][-]{subsection.3.3}{\376\377\000D\000r\000i\000v\000e\000r\000\040\000n\000u\000d\000g\000i\000n\000g\000\040\000a\000s\000\040\000o\000n\000l\000i\000n\000e\000\040\000c\000l\000a\000s\000s\000i\000f\000i\000c\000a\000t\000i\000o\000n}{section.3}% 9
\BOOKMARK [2][-]{subsection.3.4}{\376\377\000P\000r\000e\000p\000r\000o\000c\000e\000s\000s\000i\000n\000g}{section.3}% 10
\BOOKMARK [2][-]{subsection.3.5}{\376\377\000H\000o\000w\000\040\000t\000h\000e\000\040\000a\000l\000g\000o\000r\000i\000t\000h\000m\000\040\000b\000u\000i\000l\000d\000s\000\040\000t\000h\000e\000\040\000s\000t\000r\000e\000a\000m}{section.3}% 11
\BOOKMARK [2][-]{subsection.3.6}{\376\377\000C\000o\000u\000n\000t\000e\000r\000f\000a\000c\000t\000u\000a\000l\000\040\000s\000i\000m\000u\000l\000a\000t\000i\000o\000n\000\040\000d\000e\000s\000i\000g\000n}{section.3}% 12
\BOOKMARK [1][-]{section.4}{\376\377\000E\000x\000p\000e\000r\000i\000m\000e\000n\000t\000s}{}% 13
\BOOKMARK [2][-]{subsection.4.1}{\376\377\000B\000a\000k\000e\000-\000o\000f\000f\000\040\000r\000e\000s\000u\000l\000t\000s}{section.4}% 14
\BOOKMARK [1][-]{section.5}{\376\377\000R\000e\000s\000u\000l\000t\000s}{}% 15
\BOOKMARK [2][-]{subsection.5.1}{\376\377\000B\000e\000f\000o\000r\000e\000:\000\040\000b\000u\000n\000c\000h\000i\000n\000g\000\040\000i\000n\000\040\000t\000h\000e\000\040\000r\000e\000c\000o\000r\000d\000e\000d\000\040\000d\000a\000t\000a}{section.5}% 16
\BOOKMARK [3][-]{subsubsection.5.1.1}{\376\377\000H\000e\000a\000d\000w\000a\000y\000\040\000i\000r\000r\000e\000g\000u\000l\000a\000r\000i\000t\000y\000\040\000\050\000C\000V\000\051}{subsection.5.1}% 17
\BOOKMARK [3][-]{subsubsection.5.1.2}{\376\377\000H\000o\000w\000\040\000c\000l\000o\000s\000e\000\040\000t\000h\000e\000\040\000b\000u\000s\000e\000s\000\040\000r\000u\000n\000\040\000\050\000h\000e\000a\000d\000w\000a\000y\000\040\000r\000a\000t\000i\000o\000\051}{subsection.5.1}% 18
\BOOKMARK [3][-]{subsubsection.5.1.3}{\376\377\000A\000v\000o\000i\000d\000a\000b\000l\000e\000\040\000p\000a\000s\000s\000e\000n\000g\000e\000r\000\040\000w\000a\000i\000t\000i\000n\000g}{subsection.5.1}% 19
\BOOKMARK [3][-]{subsubsection.5.1.4}{\376\377\000S\000e\000v\000e\000r\000i\000t\000y\000\040\000o\000v\000e\000r\000\040\000t\000h\000e\000\040\000d\000a\000y}{subsection.5.1}% 20
\BOOKMARK [3][-]{subsubsection.5.1.5}{\376\377\000S\000e\000e\000i\000n\000g\000\040\000b\000u\000n\000c\000h\000i\000n\000g\000\040\000d\000i\000r\000e\000c\000t\000l\000y\000\040\000\050\000s\000t\000r\000i\000n\000g\000\040\000d\000i\000a\000g\000r\000a\000m\000\051}{subsection.5.1}% 21
\BOOKMARK [3][-]{subsubsection.5.1.6}{\376\377\000T\000r\000a\000v\000e\000l\000-\000t\000i\000m\000e\000\040\000c\000o\000n\000t\000e\000x\000t\000\040\000\050\000c\000o\000n\000g\000e\000s\000t\000i\000o\000n\000,\000\040\000n\000o\000t\000\040\000a\000\040\000n\000u\000d\000g\000e\000\040\000t\000a\000r\000g\000e\000t\000\051}{subsection.5.1}% 22
\BOOKMARK [2][-]{subsection.5.2}{\376\377\000A\000f\000t\000e\000r\000:\000\040\000t\000h\000e\000\040\000s\000a\000m\000e\000\040\000m\000e\000a\000s\000u\000r\000e\000m\000e\000n\000t\000s\000,\000\040\000a\000f\000t\000e\000r\000\040\000t\000h\000e\000\040\000n\000u\000d\000g\000e}{section.5}% 23
\BOOKMARK [3][-]{subsubsection.5.2.1}{\376\377\000H\000e\000a\000d\000w\000a\000y\000\040\000i\000r\000r\000e\000g\000u\000l\000a\000r\000i\000t\000y\000\040\000\050\000C\000V\000\051\000\040\040\024\000\040\000i\000m\000p\000r\000o\000v\000e\000s}{subsection.5.2}% 24
\BOOKMARK [3][-]{subsubsection.5.2.2}{\376\377\000H\000o\000w\000\040\000c\000l\000o\000s\000e\000\040\000t\000h\000e\000\040\000b\000u\000s\000e\000s\000\040\000r\000u\000n\000\040\040\024\000\040\000i\000m\000p\000r\000o\000v\000e\000s}{subsection.5.2}% 25
\BOOKMARK [3][-]{subsubsection.5.2.3}{\376\377\000A\000v\000o\000i\000d\000a\000b\000l\000e\000\040\000p\000a\000s\000s\000e\000n\000g\000e\000r\000\040\000w\000a\000i\000t\000i\000n\000g\000\040\040\024\000\040\000i\000m\000p\000r\000o\000v\000e\000s}{subsection.5.2}% 26
\BOOKMARK [3][-]{subsubsection.5.2.4}{\376\377\000S\000e\000v\000e\000r\000i\000t\000y\000\040\000o\000v\000e\000r\000\040\000t\000h\000e\000\040\000d\000a\000y\000\040\040\024\000\040\000i\000m\000p\000r\000o\000v\000e\000s}{subsection.5.2}% 27
\BOOKMARK [3][-]{subsubsection.5.2.5}{\376\377\000S\000e\000e\000i\000n\000g\000\040\000b\000u\000n\000c\000h\000i\000n\000g\000\040\000d\000i\000r\000e\000c\000t\000l\000y\000\040\000\050\000s\000t\000r\000i\000n\000g\000\040\000d\000i\000a\000g\000r\000a\000m\000\051\000\040\040\024\000\040\000i\000m\000p\000r\000o\000v\000e\000s}{subsection.5.2}% 28
\BOOKMARK [3][-]{subsubsection.5.2.6}{\376\377\000T\000r\000a\000v\000e\000l\000-\000t\000i\000m\000e\000\040\000c\000o\000n\000t\000e\000x\000t\000\040\040\024\000\040\000n\000o\000t\000\040\000a\000\040\000t\000a\000r\000g\000e\000t}{subsection.5.2}% 29
\BOOKMARK [1][-]{section.6}{\376\377\000D\000i\000s\000c\000u\000s\000s\000i\000o\000n}{}% 30
\BOOKMARK [1][-]{section.7}{\376\377\000C\000o\000n\000c\000l\000u\000s\000i\000o\000n}{}% 31
